mode: set
github.com/programmierigel/pwmanager/main.go:12.13,14.16 2 0
github.com/programmierigel/pwmanager/main.go:14.16,15.13 1 0
github.com/programmierigel/pwmanager/main.go:18.2,30.16 7 0
github.com/programmierigel/pwmanager/main.go:30.16,31.13 1 0
github.com/programmierigel/pwmanager/api/router.go:26.56,50.2 21 0
github.com/programmierigel/pwmanager/api/addNewAccount/handle.go:14.52,15.88 1 0
github.com/programmierigel/pwmanager/api/addNewAccount/handle.go:15.88,18.17 3 0
github.com/programmierigel/pwmanager/api/addNewAccount/handle.go:18.17,22.4 3 0
github.com/programmierigel/pwmanager/api/addNewAccount/handle.go:24.3,26.17 3 0
github.com/programmierigel/pwmanager/api/addNewAccount/handle.go:26.17,30.4 3 0
github.com/programmierigel/pwmanager/api/addNewAccount/handle.go:32.3,34.17 2 0
github.com/programmierigel/pwmanager/api/addNewAccount/handle.go:34.17,38.4 3 0
github.com/programmierigel/pwmanager/api/addNewAccount/handle.go:40.3,44.57 5 0
github.com/programmierigel/pwmanager/api/addNewPassword/handle.go:14.52,15.88 1 0
github.com/programmierigel/pwmanager/api/addNewPassword/handle.go:15.88,18.17 3 0
github.com/programmierigel/pwmanager/api/addNewPassword/handle.go:18.17,22.4 3 0
github.com/programmierigel/pwmanager/api/addNewPassword/handle.go:24.3,26.17 3 0
github.com/programmierigel/pwmanager/api/addNewPassword/handle.go:26.17,30.4 3 0
github.com/programmierigel/pwmanager/api/addNewPassword/handle.go:32.3,34.17 2 0
github.com/programmierigel/pwmanager/api/addNewPassword/handle.go:34.17,38.4 3 0
github.com/programmierigel/pwmanager/api/addNewPassword/handle.go:40.3,43.57 4 0
github.com/programmierigel/pwmanager/api/changepasswordname/handle.go:14.52,15.88 1 0
github.com/programmierigel/pwmanager/api/changepasswordname/handle.go:15.88,18.17 3 0
github.com/programmierigel/pwmanager/api/changepasswordname/handle.go:18.17,22.4 3 0
github.com/programmierigel/pwmanager/api/changepasswordname/handle.go:24.3,26.17 3 0
github.com/programmierigel/pwmanager/api/changepasswordname/handle.go:26.17,30.4 3 0
github.com/programmierigel/pwmanager/api/changepasswordname/handle.go:32.3,34.17 2 0
github.com/programmierigel/pwmanager/api/changepasswordname/handle.go:34.17,38.4 3 0
github.com/programmierigel/pwmanager/api/changepasswordname/handle.go:40.3,43.57 4 0
github.com/programmierigel/pwmanager/api/changesecret/handle.go:14.52,15.88 1 0
github.com/programmierigel/pwmanager/api/changesecret/handle.go:15.88,18.17 3 0
github.com/programmierigel/pwmanager/api/changesecret/handle.go:18.17,22.4 3 0
github.com/programmierigel/pwmanager/api/changesecret/handle.go:24.3,26.17 3 0
github.com/programmierigel/pwmanager/api/changesecret/handle.go:26.17,30.4 3 0
github.com/programmierigel/pwmanager/api/changesecret/handle.go:32.3,34.17 2 0
github.com/programmierigel/pwmanager/api/changesecret/handle.go:34.17,38.4 3 0
github.com/programmierigel/pwmanager/api/changesecret/handle.go:40.3,43.57 4 0
github.com/programmierigel/pwmanager/api/changeurl/handle.go:14.52,15.88 1 0
github.com/programmierigel/pwmanager/api/changeurl/handle.go:15.88,18.17 3 0
github.com/programmierigel/pwmanager/api/changeurl/handle.go:18.17,22.4 3 0
github.com/programmierigel/pwmanager/api/changeurl/handle.go:24.3,26.17 3 0
github.com/programmierigel/pwmanager/api/changeurl/handle.go:26.17,30.4 3 0
github.com/programmierigel/pwmanager/api/changeurl/handle.go:32.3,34.17 2 0
github.com/programmierigel/pwmanager/api/changeurl/handle.go:34.17,38.4 3 0
github.com/programmierigel/pwmanager/api/changeurl/handle.go:40.3,43.57 4 0
github.com/programmierigel/pwmanager/api/changeusername/handle.go:14.52,15.88 1 0
github.com/programmierigel/pwmanager/api/changeusername/handle.go:15.88,18.17 3 0
github.com/programmierigel/pwmanager/api/changeusername/handle.go:18.17,22.4 3 0
github.com/programmierigel/pwmanager/api/changeusername/handle.go:24.3,26.17 3 0
github.com/programmierigel/pwmanager/api/changeusername/handle.go:26.17,30.4 3 0
github.com/programmierigel/pwmanager/api/changeusername/handle.go:32.3,34.17 2 0
github.com/programmierigel/pwmanager/api/changeusername/handle.go:34.17,38.4 3 0
github.com/programmierigel/pwmanager/api/changeusername/handle.go:40.3,43.57 4 0
github.com/programmierigel/pwmanager/api/checkpassword/handle.go:14.52,15.88 1 0
github.com/programmierigel/pwmanager/api/checkpassword/handle.go:15.88,18.17 3 0
github.com/programmierigel/pwmanager/api/checkpassword/handle.go:18.17,22.4 3 0
github.com/programmierigel/pwmanager/api/checkpassword/handle.go:24.3,26.17 3 0
github.com/programmierigel/pwmanager/api/checkpassword/handle.go:26.17,30.4 3 0
github.com/programmierigel/pwmanager/api/checkpassword/handle.go:32.3,34.17 3 0
github.com/programmierigel/pwmanager/api/checkpassword/handle.go:34.17,39.4 2 0
github.com/programmierigel/pwmanager/api/checkpassword/handle.go:39.9,43.4 1 0
github.com/programmierigel/pwmanager/api/checkpassword/handle.go:45.3,46.17 2 0
github.com/programmierigel/pwmanager/api/checkpassword/handle.go:46.17,50.4 3 0
github.com/programmierigel/pwmanager/api/checkpassword/handle.go:52.3,54.26 3 0
github.com/programmierigel/pwmanager/api/checkpassword/handle.go:54.26,56.4 1 0
github.com/programmierigel/pwmanager/api/checkpassword/handle.go:57.3,57.32 1 0
github.com/programmierigel/pwmanager/api/deletePassword/handle.go:14.52,15.88 1 0
github.com/programmierigel/pwmanager/api/deletePassword/handle.go:15.88,18.17 3 0
github.com/programmierigel/pwmanager/api/deletePassword/handle.go:18.17,22.4 3 0
github.com/programmierigel/pwmanager/api/deletePassword/handle.go:24.3,26.17 3 0
github.com/programmierigel/pwmanager/api/deletePassword/handle.go:26.17,30.4 3 0
github.com/programmierigel/pwmanager/api/deletePassword/handle.go:32.3,34.17 2 0
github.com/programmierigel/pwmanager/api/deletePassword/handle.go:34.17,38.4 3 0
github.com/programmierigel/pwmanager/api/deletePassword/handle.go:40.3,43.57 4 0
github.com/programmierigel/pwmanager/api/disableSync/handle.go:15.52,16.88 1 0
github.com/programmierigel/pwmanager/api/disableSync/handle.go:16.88,20.17 3 0
github.com/programmierigel/pwmanager/api/disableSync/handle.go:20.17,24.4 3 0
github.com/programmierigel/pwmanager/api/disableSync/handle.go:26.3,28.17 3 0
github.com/programmierigel/pwmanager/api/disableSync/handle.go:28.17,32.4 3 0
github.com/programmierigel/pwmanager/api/disableSync/handle.go:34.3,35.17 2 0
github.com/programmierigel/pwmanager/api/disableSync/handle.go:35.17,39.4 3 0
github.com/programmierigel/pwmanager/api/disableSync/handle.go:41.3,46.17 3 0
github.com/programmierigel/pwmanager/api/disableSync/handle.go:46.17,50.4 3 0
github.com/programmierigel/pwmanager/api/disableSync/handle.go:52.3,56.32 5 0
github.com/programmierigel/pwmanager/api/deleteaccount/handle.go:14.52,15.88 1 0
github.com/programmierigel/pwmanager/api/deleteaccount/handle.go:15.88,18.17 3 0
github.com/programmierigel/pwmanager/api/deleteaccount/handle.go:18.17,22.4 3 0
github.com/programmierigel/pwmanager/api/deleteaccount/handle.go:24.3,26.17 3 0
github.com/programmierigel/pwmanager/api/deleteaccount/handle.go:26.17,30.4 3 0
github.com/programmierigel/pwmanager/api/deleteaccount/handle.go:32.3,34.17 2 0
github.com/programmierigel/pwmanager/api/deleteaccount/handle.go:34.17,38.4 3 0
github.com/programmierigel/pwmanager/api/deleteaccount/handle.go:40.3,43.57 4 0
github.com/programmierigel/pwmanager/api/getallpasswordsofaccount/handle.go:14.52,15.88 1 0
github.com/programmierigel/pwmanager/api/getallpasswordsofaccount/handle.go:15.88,18.17 3 0
github.com/programmierigel/pwmanager/api/getallpasswordsofaccount/handle.go:18.17,22.4 3 0
github.com/programmierigel/pwmanager/api/getallpasswordsofaccount/handle.go:24.3,26.17 3 0
github.com/programmierigel/pwmanager/api/getallpasswordsofaccount/handle.go:26.17,30.4 3 0
github.com/programmierigel/pwmanager/api/getallpasswordsofaccount/handle.go:32.3,34.17 2 0
github.com/programmierigel/pwmanager/api/getallpasswordsofaccount/handle.go:34.17,38.4 3 0
github.com/programmierigel/pwmanager/api/getallpasswordsofaccount/handle.go:40.3,45.17 3 0
github.com/programmierigel/pwmanager/api/getallpasswordsofaccount/handle.go:45.17,49.4 3 0
github.com/programmierigel/pwmanager/api/getallpasswordsofaccount/handle.go:51.3,54.32 4 0
github.com/programmierigel/pwmanager/api/enableSync/handle.go:15.52,16.88 1 0
github.com/programmierigel/pwmanager/api/enableSync/handle.go:16.88,21.17 3 0
github.com/programmierigel/pwmanager/api/enableSync/handle.go:21.17,25.4 3 0
github.com/programmierigel/pwmanager/api/enableSync/handle.go:27.3,29.17 3 0
github.com/programmierigel/pwmanager/api/enableSync/handle.go:29.17,33.4 3 0
github.com/programmierigel/pwmanager/api/enableSync/handle.go:35.3,36.17 2 0
github.com/programmierigel/pwmanager/api/enableSync/handle.go:36.17,40.4 3 0
github.com/programmierigel/pwmanager/api/enableSync/handle.go:42.3,47.17 3 0
github.com/programmierigel/pwmanager/api/enableSync/handle.go:47.17,51.4 3 0
github.com/programmierigel/pwmanager/api/enableSync/handle.go:53.3,57.32 5 0
github.com/programmierigel/pwmanager/api/geturl/handle.go:14.52,15.88 1 0
github.com/programmierigel/pwmanager/api/geturl/handle.go:15.88,18.17 3 0
github.com/programmierigel/pwmanager/api/geturl/handle.go:18.17,22.4 3 0
github.com/programmierigel/pwmanager/api/geturl/handle.go:24.3,26.17 3 0
github.com/programmierigel/pwmanager/api/geturl/handle.go:26.17,30.4 3 0
github.com/programmierigel/pwmanager/api/geturl/handle.go:32.3,34.17 2 0
github.com/programmierigel/pwmanager/api/geturl/handle.go:34.17,38.4 3 0
github.com/programmierigel/pwmanager/api/geturl/handle.go:40.3,45.17 3 0
github.com/programmierigel/pwmanager/api/geturl/handle.go:45.17,49.4 3 0
github.com/programmierigel/pwmanager/api/geturl/handle.go:51.3,54.32 4 0
github.com/programmierigel/pwmanager/api/getpassword/handle.go:14.52,15.88 1 0
github.com/programmierigel/pwmanager/api/getpassword/handle.go:15.88,18.17 3 0
github.com/programmierigel/pwmanager/api/getpassword/handle.go:18.17,22.4 3 0
github.com/programmierigel/pwmanager/api/getpassword/handle.go:24.3,26.17 3 0
github.com/programmierigel/pwmanager/api/getpassword/handle.go:26.17,30.4 3 0
github.com/programmierigel/pwmanager/api/getpassword/handle.go:32.3,34.17 2 0
github.com/programmierigel/pwmanager/api/getpassword/handle.go:34.17,38.4 3 0
github.com/programmierigel/pwmanager/api/getpassword/handle.go:40.3,45.17 3 0
github.com/programmierigel/pwmanager/api/getpassword/handle.go:45.17,49.4 3 0
github.com/programmierigel/pwmanager/api/getpassword/handle.go:51.3,54.32 4 0
github.com/programmierigel/pwmanager/api/getusername/handle.go:14.52,15.88 1 0
github.com/programmierigel/pwmanager/api/getusername/handle.go:15.88,18.17 3 0
github.com/programmierigel/pwmanager/api/getusername/handle.go:18.17,22.4 3 0
github.com/programmierigel/pwmanager/api/getusername/handle.go:24.3,26.17 3 0
github.com/programmierigel/pwmanager/api/getusername/handle.go:26.17,30.4 3 0
github.com/programmierigel/pwmanager/api/getusername/handle.go:32.3,34.17 2 0
github.com/programmierigel/pwmanager/api/getusername/handle.go:34.17,38.4 3 0
github.com/programmierigel/pwmanager/api/getusername/handle.go:40.3,45.17 3 0
github.com/programmierigel/pwmanager/api/getusername/handle.go:45.17,49.4 3 0
github.com/programmierigel/pwmanager/api/getusername/handle.go:51.3,54.32 4 0
github.com/programmierigel/pwmanager/api/isSyncDisabled/handle.go:14.52,15.88 1 0
github.com/programmierigel/pwmanager/api/isSyncDisabled/handle.go:15.88,24.17 5 0
github.com/programmierigel/pwmanager/api/isSyncDisabled/handle.go:24.17,27.4 2 0
github.com/programmierigel/pwmanager/api/isSyncDisabled/handle.go:29.3,33.32 5 0
github.com/programmierigel/pwmanager/api/ping/handle.go:9.33,10.75 1 0
github.com/programmierigel/pwmanager/api/ping/handle.go:10.75,15.3 3 0
github.com/programmierigel/pwmanager/api/syncToFile/handle.go:11.52,12.75 1 0
github.com/programmierigel/pwmanager/api/syncToFile/handle.go:12.75,15.17 2 0
github.com/programmierigel/pwmanager/api/syncToFile/handle.go:15.17,19.4 3 0
github.com/programmierigel/pwmanager/api/syncToFile/handle.go:20.3,23.43 3 0
github.com/programmierigel/pwmanager/api/syncfromfile/handle.go:11.52,12.75 1 0
github.com/programmierigel/pwmanager/api/syncfromfile/handle.go:12.75,15.17 2 0
github.com/programmierigel/pwmanager/api/syncfromfile/handle.go:15.17,19.4 3 0
github.com/programmierigel/pwmanager/api/syncfromfile/handle.go:20.3,23.43 3 0
github.com/programmierigel/pwmanager/cryptography/decryptAES.go:13.64,19.16 3 0
github.com/programmierigel/pwmanager/cryptography/decryptAES.go:19.16,21.3 1 0
github.com/programmierigel/pwmanager/cryptography/decryptAES.go:24.2,25.16 2 0
github.com/programmierigel/pwmanager/cryptography/decryptAES.go:25.16,27.3 1 0
github.com/programmierigel/pwmanager/cryptography/decryptAES.go:30.2,31.16 2 0
github.com/programmierigel/pwmanager/cryptography/decryptAES.go:31.16,33.3 1 0
github.com/programmierigel/pwmanager/cryptography/decryptAES.go:36.2,36.39 1 0
github.com/programmierigel/pwmanager/cryptography/decryptAES.go:36.39,38.3 1 0
github.com/programmierigel/pwmanager/cryptography/decryptAES.go:41.2,46.16 4 0
github.com/programmierigel/pwmanager/cryptography/decryptAES.go:46.16,48.3 1 0
github.com/programmierigel/pwmanager/cryptography/decryptAES.go:50.2,50.31 1 0
github.com/programmierigel/pwmanager/cryptography/encryptAES.go:17.58,23.16 3 0
github.com/programmierigel/pwmanager/cryptography/encryptAES.go:23.16,26.3 2 0
github.com/programmierigel/pwmanager/cryptography/encryptAES.go:29.2,30.16 2 0
github.com/programmierigel/pwmanager/cryptography/encryptAES.go:30.16,33.3 2 0
github.com/programmierigel/pwmanager/cryptography/encryptAES.go:36.2,37.59 2 0
github.com/programmierigel/pwmanager/cryptography/encryptAES.go:37.59,40.3 2 0
github.com/programmierigel/pwmanager/cryptography/encryptAES.go:43.2,46.59 2 0
github.com/programmierigel/pwmanager/cryptography/encryptSHA256.go:8.41,12.2 3 0
github.com/programmierigel/pwmanager/cryptography/generateSalt.go:15.47,22.16 3 0
github.com/programmierigel/pwmanager/cryptography/generateSalt.go:22.16,25.3 2 0
github.com/programmierigel/pwmanager/cryptography/generateSalt.go:29.2,29.63 1 0
github.com/programmierigel/pwmanager/enviornment/getPassword.go:9.46,12.20 2 0
github.com/programmierigel/pwmanager/enviornment/getPassword.go:12.20,15.3 2 0
github.com/programmierigel/pwmanager/enviornment/getPassword.go:16.2,17.17 2 0
github.com/programmierigel/pwmanager/enviornment/path.go:10.38,13.16 2 0
github.com/programmierigel/pwmanager/enviornment/path.go:13.16,16.3 2 0
github.com/programmierigel/pwmanager/enviornment/path.go:18.2,19.13 2 0
github.com/programmierigel/pwmanager/enviornment/port.go:11.41,14.24 2 0
github.com/programmierigel/pwmanager/enviornment/port.go:14.24,17.3 2 0
github.com/programmierigel/pwmanager/enviornment/port.go:19.2,20.16 2 0
github.com/programmierigel/pwmanager/enviornment/port.go:20.16,22.3 1 0
github.com/programmierigel/pwmanager/enviornment/port.go:23.2,25.18 3 0
github.com/programmierigel/pwmanager/logger/critical.go:10.26,15.2 3 0
github.com/programmierigel/pwmanager/logger/debug.go:10.22,11.30 1 0
github.com/programmierigel/pwmanager/logger/debug.go:11.30,13.3 1 0
github.com/programmierigel/pwmanager/logger/debug.go:14.2,17.50 3 0
github.com/programmierigel/pwmanager/logger/getLogLevel.go:7.27,16.53 4 0
github.com/programmierigel/pwmanager/logger/getLogLevel.go:16.53,18.3 1 0
github.com/programmierigel/pwmanager/logger/getLogLevel.go:20.2,20.12 1 0
github.com/programmierigel/pwmanager/logger/info.go:10.21,11.33 1 0
github.com/programmierigel/pwmanager/logger/info.go:11.33,13.3 1 0
github.com/programmierigel/pwmanager/logger/info.go:14.2,17.51 3 0
github.com/programmierigel/pwmanager/logger/isElementInSlice.go:5.61,6.39 1 0
github.com/programmierigel/pwmanager/logger/isElementInSlice.go:6.39,7.32 1 0
github.com/programmierigel/pwmanager/logger/isElementInSlice.go:7.32,9.4 1 0
github.com/programmierigel/pwmanager/logger/isElementInSlice.go:12.2,12.43 1 0
github.com/programmierigel/pwmanager/logger/warning.go:10.24,11.33 1 0
github.com/programmierigel/pwmanager/logger/warning.go:11.33,13.3 1 0
github.com/programmierigel/pwmanager/logger/warning.go:14.2,17.52 3 0
github.com/programmierigel/pwmanager/tools/debugLog.go:10.48,13.2 2 0
github.com/programmierigel/pwmanager/tools/isElementInMap.go:5.78,6.29 1 0
github.com/programmierigel/pwmanager/tools/isElementInMap.go:6.29,7.22 1 0
github.com/programmierigel/pwmanager/tools/isElementInMap.go:7.22,9.4 1 0
github.com/programmierigel/pwmanager/tools/isElementInMap.go:12.2,12.14 1 0
github.com/programmierigel/pwmanager/tools/isElementInSlice.go:5.61,6.39 1 0
github.com/programmierigel/pwmanager/tools/isElementInSlice.go:6.39,7.32 1 0
github.com/programmierigel/pwmanager/tools/isElementInSlice.go:7.32,9.4 1 0
github.com/programmierigel/pwmanager/tools/isElementInSlice.go:12.2,12.43 1 0
github.com/programmierigel/pwmanager/tools/removeMapFromMap.go:5.124,7.35 2 0
github.com/programmierigel/pwmanager/tools/removeMapFromMap.go:7.35,8.20 1 0
github.com/programmierigel/pwmanager/tools/removeMapFromMap.go:8.20,9.12 1 0
github.com/programmierigel/pwmanager/tools/removeMapFromMap.go:11.3,11.22 1 0
github.com/programmierigel/pwmanager/tools/removeMapFromMap.go:14.2,14.15 1 0
github.com/programmierigel/pwmanager/tools/removePasswordFromMap.go:5.111,7.36 2 0
github.com/programmierigel/pwmanager/tools/removePasswordFromMap.go:7.36,8.21 1 0
github.com/programmierigel/pwmanager/tools/removePasswordFromMap.go:8.21,9.12 1 0
github.com/programmierigel/pwmanager/tools/removePasswordFromMap.go:11.3,11.22 1 0
github.com/programmierigel/pwmanager/tools/removePasswordFromMap.go:14.2,14.15 1 0
github.com/programmierigel/pwmanager/tools/removeStringFromMap.go:5.105,7.36 2 0
github.com/programmierigel/pwmanager/tools/removeStringFromMap.go:7.36,8.21 1 0
github.com/programmierigel/pwmanager/tools/removeStringFromMap.go:8.21,9.12 1 0
github.com/programmierigel/pwmanager/tools/removeStringFromMap.go:11.3,11.22 1 0
github.com/programmierigel/pwmanager/tools/removeStringFromMap.go:14.2,14.15 1 0
github.com/programmierigel/pwmanager/tools/warningLog.go:10.66,14.2 3 0
github.com/programmierigel/pwmanager/logger/terminalColor/isElementInSlice.go:5.61,6.39 1 0
github.com/programmierigel/pwmanager/logger/terminalColor/isElementInSlice.go:6.39,7.32 1 0
github.com/programmierigel/pwmanager/logger/terminalColor/isElementInSlice.go:7.32,9.4 1 0
github.com/programmierigel/pwmanager/logger/terminalColor/isElementInSlice.go:12.2,12.43 1 0
github.com/programmierigel/pwmanager/logger/terminalColor/setColor.go:7.45,9.16 2 0
github.com/programmierigel/pwmanager/logger/terminalColor/setColor.go:9.16,10.13 1 0
github.com/programmierigel/pwmanager/logger/terminalColor/setColor.go:13.2,13.63 1 0
github.com/programmierigel/pwmanager/storage/inmemory/store.go:24.47,36.2 4 0
github.com/programmierigel/pwmanager/storage/inmemory/store.go:38.38,39.20 1 0
github.com/programmierigel/pwmanager/storage/inmemory/store.go:39.20,42.3 2 0
github.com/programmierigel/pwmanager/storage/inmemory/store.go:44.2,46.16 2 0
github.com/programmierigel/pwmanager/storage/inmemory/store.go:46.16,49.3 2 0
github.com/programmierigel/pwmanager/storage/inmemory/store.go:51.2,58.16 5 0
github.com/programmierigel/pwmanager/storage/inmemory/store.go:58.16,61.3 2 0
github.com/programmierigel/pwmanager/storage/inmemory/store.go:62.2,65.12 4 0
github.com/programmierigel/pwmanager/storage/inmemory/store.go:68.36,69.20 1 0
github.com/programmierigel/pwmanager/storage/inmemory/store.go:69.20,72.3 2 0
github.com/programmierigel/pwmanager/storage/inmemory/store.go:74.2,80.16 3 0
github.com/programmierigel/pwmanager/storage/inmemory/store.go:80.16,83.3 2 0
github.com/programmierigel/pwmanager/storage/inmemory/store.go:85.2,86.16 2 0
github.com/programmierigel/pwmanager/storage/inmemory/store.go:86.16,89.3 2 0
github.com/programmierigel/pwmanager/storage/inmemory/store.go:90.2,91.12 2 0
github.com/programmierigel/pwmanager/storage/inmemory/store.go:95.70,97.16 2 0
github.com/programmierigel/pwmanager/storage/inmemory/store.go:97.16,99.3 1 0
github.com/programmierigel/pwmanager/storage/inmemory/store.go:100.2,101.55 2 0
github.com/programmierigel/pwmanager/storage/inmemory/store.go:101.55,104.3 2 0
github.com/programmierigel/pwmanager/storage/inmemory/store.go:105.2,113.12 5 0
github.com/programmierigel/pwmanager/storage/inmemory/store.go:116.70,118.16 2 0
github.com/programmierigel/pwmanager/storage/inmemory/store.go:118.16,121.3 2 0
github.com/programmierigel/pwmanager/storage/inmemory/store.go:122.2,126.12 5 0
github.com/programmierigel/pwmanager/storage/inmemory/store.go:129.70,132.94 3 0
github.com/programmierigel/pwmanager/storage/inmemory/store.go:132.94,134.3 1 0
github.com/programmierigel/pwmanager/storage/inmemory/store.go:135.2,135.12 1 0
github.com/programmierigel/pwmanager/storage/inmemory/store.go:138.149,140.16 2 0
github.com/programmierigel/pwmanager/storage/inmemory/store.go:140.16,143.3 2 0
github.com/programmierigel/pwmanager/storage/inmemory/store.go:145.2,145.60 1 0
github.com/programmierigel/pwmanager/storage/inmemory/store.go:145.60,148.3 2 0
github.com/programmierigel/pwmanager/storage/inmemory/store.go:149.2,150.16 2 0
github.com/programmierigel/pwmanager/storage/inmemory/store.go:150.16,153.3 2 0
github.com/programmierigel/pwmanager/storage/inmemory/store.go:155.2,155.31 1 0
github.com/programmierigel/pwmanager/storage/inmemory/store.go:155.31,157.3 1 0
github.com/programmierigel/pwmanager/storage/inmemory/store.go:159.2,168.12 5 0
github.com/programmierigel/pwmanager/storage/inmemory/store.go:171.98,173.16 2 0
github.com/programmierigel/pwmanager/storage/inmemory/store.go:173.16,176.3 2 0
github.com/programmierigel/pwmanager/storage/inmemory/store.go:178.2,181.12 4 0
github.com/programmierigel/pwmanager/storage/inmemory/store.go:184.105,186.16 2 0
github.com/programmierigel/pwmanager/storage/inmemory/store.go:186.16,189.3 2 0
github.com/programmierigel/pwmanager/storage/inmemory/store.go:191.2,191.61 1 0
github.com/programmierigel/pwmanager/storage/inmemory/store.go:191.61,194.3 2 0
github.com/programmierigel/pwmanager/storage/inmemory/store.go:195.2,198.16 3 0
github.com/programmierigel/pwmanager/storage/inmemory/store.go:198.16,201.3 2 0
github.com/programmierigel/pwmanager/storage/inmemory/store.go:202.2,202.22 1 0
github.com/programmierigel/pwmanager/storage/inmemory/store.go:205.100,207.16 2 0
github.com/programmierigel/pwmanager/storage/inmemory/store.go:207.16,210.3 2 0
github.com/programmierigel/pwmanager/storage/inmemory/store.go:212.2,212.61 1 0
github.com/programmierigel/pwmanager/storage/inmemory/store.go:212.61,215.3 2 0
github.com/programmierigel/pwmanager/storage/inmemory/store.go:216.2,219.17 3 0
github.com/programmierigel/pwmanager/storage/inmemory/store.go:222.105,224.16 2 0
github.com/programmierigel/pwmanager/storage/inmemory/store.go:224.16,227.3 2 0
github.com/programmierigel/pwmanager/storage/inmemory/store.go:229.2,229.61 1 0
github.com/programmierigel/pwmanager/storage/inmemory/store.go:229.61,232.3 2 0
github.com/programmierigel/pwmanager/storage/inmemory/store.go:233.2,236.22 3 0
github.com/programmierigel/pwmanager/storage/inmemory/store.go:239.103,241.16 2 0
github.com/programmierigel/pwmanager/storage/inmemory/store.go:241.16,244.3 2 0
github.com/programmierigel/pwmanager/storage/inmemory/store.go:245.2,246.39 2 0
github.com/programmierigel/pwmanager/storage/inmemory/store.go:246.39,248.3 1 0
github.com/programmierigel/pwmanager/storage/inmemory/store.go:249.2,250.30 2 0
github.com/programmierigel/pwmanager/storage/inmemory/store.go:254.60,255.28 1 0
github.com/programmierigel/pwmanager/storage/inmemory/store.go:255.28,257.3 1 0
github.com/programmierigel/pwmanager/storage/inmemory/store.go:258.2,260.28 3 0
github.com/programmierigel/pwmanager/storage/inmemory/store.go:263.59,264.28 1 0
github.com/programmierigel/pwmanager/storage/inmemory/store.go:264.28,266.3 1 0
github.com/programmierigel/pwmanager/storage/inmemory/store.go:267.2,269.28 3 0
github.com/programmierigel/pwmanager/storage/inmemory/store.go:272.39,274.2 1 0
github.com/programmierigel/pwmanager/storage/inmemory/store.go:276.118,278.16 2 0
github.com/programmierigel/pwmanager/storage/inmemory/store.go:278.16,281.3 2 0
github.com/programmierigel/pwmanager/storage/inmemory/store.go:283.2,283.61 1 0
github.com/programmierigel/pwmanager/storage/inmemory/store.go:283.61,286.3 2 0
github.com/programmierigel/pwmanager/storage/inmemory/store.go:287.2,295.12 4 0
github.com/programmierigel/pwmanager/storage/inmemory/store.go:298.108,300.16 2 0
github.com/programmierigel/pwmanager/storage/inmemory/store.go:300.16,303.3 2 0
github.com/programmierigel/pwmanager/storage/inmemory/store.go:305.2,305.61 1 0
github.com/programmierigel/pwmanager/storage/inmemory/store.go:305.61,308.3 2 0
github.com/programmierigel/pwmanager/storage/inmemory/store.go:309.2,317.12 4 0
github.com/programmierigel/pwmanager/storage/inmemory/store.go:320.116,322.16 2 0
github.com/programmierigel/pwmanager/storage/inmemory/store.go:322.16,325.3 2 0
github.com/programmierigel/pwmanager/storage/inmemory/store.go:327.2,327.61 1 0
github.com/programmierigel/pwmanager/storage/inmemory/store.go:327.61,330.3 2 0
github.com/programmierigel/pwmanager/storage/inmemory/store.go:331.2,334.16 3 0
github.com/programmierigel/pwmanager/storage/inmemory/store.go:334.16,337.3 2 0
github.com/programmierigel/pwmanager/storage/inmemory/store.go:339.2,345.12 3 0
github.com/programmierigel/pwmanager/storage/inmemory/store.go:348.126,350.16 2 0
github.com/programmierigel/pwmanager/storage/inmemory/store.go:350.16,353.3 2 0
github.com/programmierigel/pwmanager/storage/inmemory/store.go:355.2,355.63 1 0
github.com/programmierigel/pwmanager/storage/inmemory/store.go:355.63,358.3 2 0
github.com/programmierigel/pwmanager/storage/inmemory/store.go:360.2,360.61 1 0
github.com/programmierigel/pwmanager/storage/inmemory/store.go:360.61,363.3 2 0
github.com/programmierigel/pwmanager/storage/inmemory/store.go:364.2,370.12 4 0
