mode: set
github.com/programmierigel/pwmanager/main.go:13.13,30.16 9 0
github.com/programmierigel/pwmanager/main.go:30.16,32.3 1 0
github.com/programmierigel/pwmanager/api/router.go:33.79,63.2 27 0
github.com/programmierigel/pwmanager/api/addNewAccount/handle.go:15.75,16.88 1 0
github.com/programmierigel/pwmanager/api/addNewAccount/handle.go:16.88,19.17 3 0
github.com/programmierigel/pwmanager/api/addNewAccount/handle.go:19.17,23.4 3 0
github.com/programmierigel/pwmanager/api/addNewAccount/handle.go:25.3,27.17 3 0
github.com/programmierigel/pwmanager/api/addNewAccount/handle.go:27.17,31.4 3 0
github.com/programmierigel/pwmanager/api/addNewAccount/handle.go:33.3,35.17 2 0
github.com/programmierigel/pwmanager/api/addNewAccount/handle.go:35.17,39.4 3 0
github.com/programmierigel/pwmanager/api/addNewAccount/handle.go:41.3,45.57 5 0
github.com/programmierigel/pwmanager/api/addNewPassword/handle.go:15.75,16.88 1 0
github.com/programmierigel/pwmanager/api/addNewPassword/handle.go:16.88,19.17 3 0
github.com/programmierigel/pwmanager/api/addNewPassword/handle.go:19.17,23.4 3 0
github.com/programmierigel/pwmanager/api/addNewPassword/handle.go:25.3,27.17 3 0
github.com/programmierigel/pwmanager/api/addNewPassword/handle.go:27.17,31.4 3 0
github.com/programmierigel/pwmanager/api/addNewPassword/handle.go:33.3,35.17 2 0
github.com/programmierigel/pwmanager/api/addNewPassword/handle.go:35.17,39.4 3 0
github.com/programmierigel/pwmanager/api/addNewPassword/handle.go:41.3,44.57 4 0
github.com/programmierigel/pwmanager/api/changepasswordname/handle.go:15.75,16.88 1 0
github.com/programmierigel/pwmanager/api/changepasswordname/handle.go:16.88,19.17 3 0
github.com/programmierigel/pwmanager/api/changepasswordname/handle.go:19.17,23.4 3 0
github.com/programmierigel/pwmanager/api/changepasswordname/handle.go:25.3,27.17 3 0
github.com/programmierigel/pwmanager/api/changepasswordname/handle.go:27.17,31.4 3 0
github.com/programmierigel/pwmanager/api/changepasswordname/handle.go:33.3,35.17 2 0
github.com/programmierigel/pwmanager/api/changepasswordname/handle.go:35.17,39.4 3 0
github.com/programmierigel/pwmanager/api/changepasswordname/handle.go:41.3,44.57 4 0
github.com/programmierigel/pwmanager/api/changesecret/handle.go:15.75,16.88 1 0
github.com/programmierigel/pwmanager/api/changesecret/handle.go:16.88,19.17 3 0
github.com/programmierigel/pwmanager/api/changesecret/handle.go:19.17,23.4 3 0
github.com/programmierigel/pwmanager/api/changesecret/handle.go:25.3,27.17 3 0
github.com/programmierigel/pwmanager/api/changesecret/handle.go:27.17,31.4 3 0
github.com/programmierigel/pwmanager/api/changesecret/handle.go:33.3,35.17 2 0
github.com/programmierigel/pwmanager/api/changesecret/handle.go:35.17,39.4 3 0
github.com/programmierigel/pwmanager/api/changesecret/handle.go:41.3,44.57 4 0
github.com/programmierigel/pwmanager/api/changeurl/handle.go:15.75,16.88 1 0
github.com/programmierigel/pwmanager/api/changeurl/handle.go:16.88,19.17 3 0
github.com/programmierigel/pwmanager/api/changeurl/handle.go:19.17,23.4 3 0
github.com/programmierigel/pwmanager/api/changeurl/handle.go:25.3,27.17 3 0
github.com/programmierigel/pwmanager/api/changeurl/handle.go:27.17,31.4 3 0
github.com/programmierigel/pwmanager/api/changeurl/handle.go:33.3,35.17 2 0
github.com/programmierigel/pwmanager/api/changeurl/handle.go:35.17,39.4 3 0
github.com/programmierigel/pwmanager/api/changeurl/handle.go:41.3,44.57 4 0
github.com/programmierigel/pwmanager/api/changeusername/handle.go:15.75,16.88 1 0
github.com/programmierigel/pwmanager/api/changeusername/handle.go:16.88,19.17 3 0
github.com/programmierigel/pwmanager/api/changeusername/handle.go:19.17,23.4 3 0
github.com/programmierigel/pwmanager/api/changeusername/handle.go:25.3,27.17 3 0
github.com/programmierigel/pwmanager/api/changeusername/handle.go:27.17,31.4 3 0
github.com/programmierigel/pwmanager/api/changeusername/handle.go:33.3,35.17 2 0
github.com/programmierigel/pwmanager/api/changeusername/handle.go:35.17,39.4 3 0
github.com/programmierigel/pwmanager/api/changeusername/handle.go:41.3,44.57 4 0
github.com/programmierigel/pwmanager/api/checkpassword/handle.go:15.75,16.88 1 0
github.com/programmierigel/pwmanager/api/checkpassword/handle.go:16.88,19.17 3 0
github.com/programmierigel/pwmanager/api/checkpassword/handle.go:19.17,23.4 3 0
github.com/programmierigel/pwmanager/api/checkpassword/handle.go:25.3,27.17 3 0
github.com/programmierigel/pwmanager/api/checkpassword/handle.go:27.17,31.4 3 0
github.com/programmierigel/pwmanager/api/checkpassword/handle.go:33.3,35.17 3 0
github.com/programmierigel/pwmanager/api/checkpassword/handle.go:35.17,40.4 2 0
github.com/programmierigel/pwmanager/api/checkpassword/handle.go:40.9,44.4 1 0
github.com/programmierigel/pwmanager/api/checkpassword/handle.go:46.3,47.17 2 0
github.com/programmierigel/pwmanager/api/checkpassword/handle.go:47.17,51.4 3 0
github.com/programmierigel/pwmanager/api/checkpassword/handle.go:53.3,55.26 3 0
github.com/programmierigel/pwmanager/api/checkpassword/handle.go:55.26,57.4 1 0
github.com/programmierigel/pwmanager/api/checkpassword/handle.go:58.3,58.32 1 0
github.com/programmierigel/pwmanager/api/checktoken/handle.go:14.75,15.88 1 0
github.com/programmierigel/pwmanager/api/checktoken/handle.go:15.88,18.17 3 0
github.com/programmierigel/pwmanager/api/checktoken/handle.go:18.17,22.4 3 0
github.com/programmierigel/pwmanager/api/checktoken/handle.go:24.3,26.17 3 0
github.com/programmierigel/pwmanager/api/checktoken/handle.go:26.17,30.4 3 0
github.com/programmierigel/pwmanager/api/checktoken/handle.go:32.3,39.17 4 0
github.com/programmierigel/pwmanager/api/checktoken/handle.go:39.17,43.4 3 0
github.com/programmierigel/pwmanager/api/checktoken/handle.go:45.3,48.32 4 0
github.com/programmierigel/pwmanager/api/createtoken/handle.go:15.75,16.88 1 0
github.com/programmierigel/pwmanager/api/createtoken/handle.go:16.88,19.17 3 0
github.com/programmierigel/pwmanager/api/createtoken/handle.go:19.17,23.4 3 0
github.com/programmierigel/pwmanager/api/createtoken/handle.go:25.3,27.17 3 0
github.com/programmierigel/pwmanager/api/createtoken/handle.go:27.17,31.4 3 0
github.com/programmierigel/pwmanager/api/createtoken/handle.go:33.3,35.17 2 0
github.com/programmierigel/pwmanager/api/createtoken/handle.go:35.17,39.4 3 0
github.com/programmierigel/pwmanager/api/createtoken/handle.go:41.3,46.17 3 0
github.com/programmierigel/pwmanager/api/createtoken/handle.go:46.17,50.4 3 0
github.com/programmierigel/pwmanager/api/createtoken/handle.go:52.3,55.32 4 0
github.com/programmierigel/pwmanager/api/deletePassword/handle.go:15.75,16.88 1 0
github.com/programmierigel/pwmanager/api/deletePassword/handle.go:16.88,19.17 3 0
github.com/programmierigel/pwmanager/api/deletePassword/handle.go:19.17,23.4 3 0
github.com/programmierigel/pwmanager/api/deletePassword/handle.go:25.3,27.17 3 0
github.com/programmierigel/pwmanager/api/deletePassword/handle.go:27.17,31.4 3 0
github.com/programmierigel/pwmanager/api/deletePassword/handle.go:33.3,35.17 2 0
github.com/programmierigel/pwmanager/api/deletePassword/handle.go:35.17,39.4 3 0
github.com/programmierigel/pwmanager/api/deletePassword/handle.go:41.3,44.57 4 0
github.com/programmierigel/pwmanager/api/deleteaccount/handle.go:15.75,16.88 1 0
github.com/programmierigel/pwmanager/api/deleteaccount/handle.go:16.88,19.17 3 0
github.com/programmierigel/pwmanager/api/deleteaccount/handle.go:19.17,23.4 3 0
github.com/programmierigel/pwmanager/api/deleteaccount/handle.go:25.3,27.17 3 0
github.com/programmierigel/pwmanager/api/deleteaccount/handle.go:27.17,31.4 3 0
github.com/programmierigel/pwmanager/api/deleteaccount/handle.go:33.3,35.17 2 0
github.com/programmierigel/pwmanager/api/deleteaccount/handle.go:35.17,39.4 3 0
github.com/programmierigel/pwmanager/api/deleteaccount/handle.go:41.3,44.57 4 0
github.com/programmierigel/pwmanager/api/devaluealltoken/handle.go:14.75,15.88 1 0
github.com/programmierigel/pwmanager/api/devaluealltoken/handle.go:15.88,18.17 3 0
github.com/programmierigel/pwmanager/api/devaluealltoken/handle.go:18.17,22.4 3 0
github.com/programmierigel/pwmanager/api/devaluealltoken/handle.go:24.3,26.17 3 0
github.com/programmierigel/pwmanager/api/devaluealltoken/handle.go:26.17,30.4 3 0
github.com/programmierigel/pwmanager/api/devaluealltoken/handle.go:32.3,34.17 2 0
github.com/programmierigel/pwmanager/api/devaluealltoken/handle.go:34.17,38.4 3 0
github.com/programmierigel/pwmanager/api/devaluealltoken/handle.go:40.3,44.57 5 0
github.com/programmierigel/pwmanager/api/devaluealltokenofaccount/handle.go:14.75,15.88 1 0
github.com/programmierigel/pwmanager/api/devaluealltokenofaccount/handle.go:15.88,18.17 3 0
github.com/programmierigel/pwmanager/api/devaluealltokenofaccount/handle.go:18.17,22.4 3 0
github.com/programmierigel/pwmanager/api/devaluealltokenofaccount/handle.go:24.3,26.17 3 0
github.com/programmierigel/pwmanager/api/devaluealltokenofaccount/handle.go:26.17,30.4 3 0
github.com/programmierigel/pwmanager/api/devaluealltokenofaccount/handle.go:32.3,34.17 2 0
github.com/programmierigel/pwmanager/api/devaluealltokenofaccount/handle.go:34.17,38.4 3 0
github.com/programmierigel/pwmanager/api/devaluealltokenofaccount/handle.go:40.3,44.57 5 0
github.com/programmierigel/pwmanager/api/devaluetoken/handle.go:14.75,15.88 1 0
github.com/programmierigel/pwmanager/api/devaluetoken/handle.go:15.88,18.17 3 0
github.com/programmierigel/pwmanager/api/devaluetoken/handle.go:18.17,22.4 3 0
github.com/programmierigel/pwmanager/api/devaluetoken/handle.go:24.3,26.17 3 0
github.com/programmierigel/pwmanager/api/devaluetoken/handle.go:26.17,30.4 3 0
github.com/programmierigel/pwmanager/api/devaluetoken/handle.go:32.3,37.57 5 0
github.com/programmierigel/pwmanager/api/disableSync/handle.go:15.75,16.88 1 0
github.com/programmierigel/pwmanager/api/disableSync/handle.go:16.88,20.17 3 0
github.com/programmierigel/pwmanager/api/disableSync/handle.go:20.17,24.4 3 0
github.com/programmierigel/pwmanager/api/disableSync/handle.go:26.3,28.17 3 0
github.com/programmierigel/pwmanager/api/disableSync/handle.go:28.17,32.4 3 0
github.com/programmierigel/pwmanager/api/disableSync/handle.go:34.3,35.17 2 0
github.com/programmierigel/pwmanager/api/disableSync/handle.go:35.17,39.4 3 0
github.com/programmierigel/pwmanager/api/disableSync/handle.go:41.3,46.17 3 0
github.com/programmierigel/pwmanager/api/disableSync/handle.go:46.17,50.4 3 0
github.com/programmierigel/pwmanager/api/disableSync/handle.go:52.3,56.32 5 0
github.com/programmierigel/pwmanager/api/enableSync/handle.go:15.75,16.88 1 0
github.com/programmierigel/pwmanager/api/enableSync/handle.go:16.88,21.17 3 0
github.com/programmierigel/pwmanager/api/enableSync/handle.go:21.17,25.4 3 0
github.com/programmierigel/pwmanager/api/enableSync/handle.go:27.3,29.17 3 0
github.com/programmierigel/pwmanager/api/enableSync/handle.go:29.17,33.4 3 0
github.com/programmierigel/pwmanager/api/enableSync/handle.go:35.3,36.17 2 0
github.com/programmierigel/pwmanager/api/enableSync/handle.go:36.17,40.4 3 0
github.com/programmierigel/pwmanager/api/enableSync/handle.go:42.3,47.17 3 0
github.com/programmierigel/pwmanager/api/enableSync/handle.go:47.17,51.4 3 0
github.com/programmierigel/pwmanager/api/enableSync/handle.go:53.3,57.32 5 0
github.com/programmierigel/pwmanager/api/getallpasswordsofaccount/handle.go:14.75,15.88 1 0
github.com/programmierigel/pwmanager/api/getallpasswordsofaccount/handle.go:15.88,18.17 3 0
github.com/programmierigel/pwmanager/api/getallpasswordsofaccount/handle.go:18.17,22.4 3 0
github.com/programmierigel/pwmanager/api/getallpasswordsofaccount/handle.go:24.3,26.17 3 0
github.com/programmierigel/pwmanager/api/getallpasswordsofaccount/handle.go:26.17,30.4 3 0
github.com/programmierigel/pwmanager/api/getallpasswordsofaccount/handle.go:32.3,34.17 2 0
github.com/programmierigel/pwmanager/api/getallpasswordsofaccount/handle.go:34.17,38.4 3 0
github.com/programmierigel/pwmanager/api/getallpasswordsofaccount/handle.go:40.3,45.17 3 0
github.com/programmierigel/pwmanager/api/getallpasswordsofaccount/handle.go:45.17,49.4 3 0
github.com/programmierigel/pwmanager/api/getallpasswordsofaccount/handle.go:51.3,54.32 4 0
github.com/programmierigel/pwmanager/api/getnumberofallregisteredtokens/handle.go:14.75,15.88 1 0
github.com/programmierigel/pwmanager/api/getnumberofallregisteredtokens/handle.go:15.88,18.17 3 0
github.com/programmierigel/pwmanager/api/getnumberofallregisteredtokens/handle.go:18.17,22.4 3 0
github.com/programmierigel/pwmanager/api/getnumberofallregisteredtokens/handle.go:24.3,26.17 3 0
github.com/programmierigel/pwmanager/api/getnumberofallregisteredtokens/handle.go:26.17,30.4 3 0
github.com/programmierigel/pwmanager/api/getnumberofallregisteredtokens/handle.go:32.3,34.17 2 0
github.com/programmierigel/pwmanager/api/getnumberofallregisteredtokens/handle.go:34.17,38.4 3 0
github.com/programmierigel/pwmanager/api/getnumberofallregisteredtokens/handle.go:40.3,45.17 3 0
github.com/programmierigel/pwmanager/api/getnumberofallregisteredtokens/handle.go:45.17,49.4 3 0
github.com/programmierigel/pwmanager/api/getnumberofallregisteredtokens/handle.go:51.3,54.32 4 0
github.com/programmierigel/pwmanager/api/getpassword/handle.go:15.75,16.88 1 0
github.com/programmierigel/pwmanager/api/getpassword/handle.go:16.88,19.17 3 0
github.com/programmierigel/pwmanager/api/getpassword/handle.go:19.17,23.4 3 0
github.com/programmierigel/pwmanager/api/getpassword/handle.go:25.3,27.17 3 0
github.com/programmierigel/pwmanager/api/getpassword/handle.go:27.17,31.4 3 0
github.com/programmierigel/pwmanager/api/getpassword/handle.go:33.3,35.17 2 0
github.com/programmierigel/pwmanager/api/getpassword/handle.go:35.17,39.4 3 0
github.com/programmierigel/pwmanager/api/getpassword/handle.go:41.3,46.17 3 0
github.com/programmierigel/pwmanager/api/getpassword/handle.go:46.17,50.4 3 0
github.com/programmierigel/pwmanager/api/getpassword/handle.go:52.3,55.32 4 0
github.com/programmierigel/pwmanager/api/geturl/handle.go:15.75,16.88 1 0
github.com/programmierigel/pwmanager/api/geturl/handle.go:16.88,19.17 3 0
github.com/programmierigel/pwmanager/api/geturl/handle.go:19.17,23.4 3 0
github.com/programmierigel/pwmanager/api/geturl/handle.go:25.3,27.17 3 0
github.com/programmierigel/pwmanager/api/geturl/handle.go:27.17,31.4 3 0
github.com/programmierigel/pwmanager/api/geturl/handle.go:33.3,35.17 2 0
github.com/programmierigel/pwmanager/api/geturl/handle.go:35.17,39.4 3 0
github.com/programmierigel/pwmanager/api/geturl/handle.go:41.3,46.17 3 0
github.com/programmierigel/pwmanager/api/geturl/handle.go:46.17,50.4 3 0
github.com/programmierigel/pwmanager/api/geturl/handle.go:52.3,55.32 4 0
github.com/programmierigel/pwmanager/api/getusername/handle.go:15.75,16.88 1 0
github.com/programmierigel/pwmanager/api/getusername/handle.go:16.88,19.17 3 0
github.com/programmierigel/pwmanager/api/getusername/handle.go:19.17,23.4 3 0
github.com/programmierigel/pwmanager/api/getusername/handle.go:25.3,27.17 3 0
github.com/programmierigel/pwmanager/api/getusername/handle.go:27.17,31.4 3 0
github.com/programmierigel/pwmanager/api/getusername/handle.go:33.3,35.17 2 0
github.com/programmierigel/pwmanager/api/getusername/handle.go:35.17,39.4 3 0
github.com/programmierigel/pwmanager/api/getusername/handle.go:41.3,46.17 3 0
github.com/programmierigel/pwmanager/api/getusername/handle.go:46.17,50.4 3 0
github.com/programmierigel/pwmanager/api/getusername/handle.go:52.3,55.32 4 0
github.com/programmierigel/pwmanager/api/isSyncDisabled/handle.go:14.75,15.88 1 0
github.com/programmierigel/pwmanager/api/isSyncDisabled/handle.go:15.88,23.17 4 0
github.com/programmierigel/pwmanager/api/isSyncDisabled/handle.go:23.17,27.4 3 0
github.com/programmierigel/pwmanager/api/isSyncDisabled/handle.go:29.3,33.32 5 0
github.com/programmierigel/pwmanager/api/ping/handle.go:9.33,10.75 1 0
github.com/programmierigel/pwmanager/api/ping/handle.go:10.75,15.3 3 0
github.com/programmierigel/pwmanager/api/syncToFile/handle.go:12.75,13.75 1 0
github.com/programmierigel/pwmanager/api/syncToFile/handle.go:13.75,16.17 2 0
github.com/programmierigel/pwmanager/api/syncToFile/handle.go:16.17,20.4 3 0
github.com/programmierigel/pwmanager/api/syncToFile/handle.go:21.3,24.43 3 0
github.com/programmierigel/pwmanager/cryptography/decryptAES.go:13.64,19.16 3 0
github.com/programmierigel/pwmanager/cryptography/decryptAES.go:19.16,21.3 1 0
github.com/programmierigel/pwmanager/cryptography/decryptAES.go:24.2,25.16 2 0
github.com/programmierigel/pwmanager/cryptography/decryptAES.go:25.16,27.3 1 0
github.com/programmierigel/pwmanager/cryptography/decryptAES.go:30.2,31.16 2 0
github.com/programmierigel/pwmanager/cryptography/decryptAES.go:31.16,33.3 1 0
github.com/programmierigel/pwmanager/cryptography/decryptAES.go:36.2,36.39 1 0
github.com/programmierigel/pwmanager/cryptography/decryptAES.go:36.39,38.3 1 0
github.com/programmierigel/pwmanager/cryptography/decryptAES.go:41.2,46.16 4 0
github.com/programmierigel/pwmanager/cryptography/decryptAES.go:46.16,48.3 1 0
github.com/programmierigel/pwmanager/cryptography/decryptAES.go:50.2,50.31 1 0
github.com/programmierigel/pwmanager/cryptography/encryptAES.go:16.81,22.16 3 0
github.com/programmierigel/pwmanager/cryptography/encryptAES.go:22.16,25.3 2 0
github.com/programmierigel/pwmanager/cryptography/encryptAES.go:28.2,29.16 2 0
github.com/programmierigel/pwmanager/cryptography/encryptAES.go:29.16,32.3 2 0
github.com/programmierigel/pwmanager/cryptography/encryptAES.go:35.2,36.59 2 0
github.com/programmierigel/pwmanager/cryptography/encryptAES.go:36.59,39.3 2 0
github.com/programmierigel/pwmanager/cryptography/encryptAES.go:42.2,45.59 2 0
github.com/programmierigel/pwmanager/cryptography/encryptSHA256.go:8.41,12.2 3 0
github.com/programmierigel/pwmanager/cryptography/generateSalt.go:15.70,22.16 3 0
github.com/programmierigel/pwmanager/cryptography/generateSalt.go:22.16,25.3 2 0
github.com/programmierigel/pwmanager/cryptography/generateSalt.go:29.2,29.63 1 0
github.com/programmierigel/pwmanager/api/syncfromfile/handle.go:12.75,13.75 1 0
github.com/programmierigel/pwmanager/api/syncfromfile/handle.go:13.75,16.17 2 0
github.com/programmierigel/pwmanager/api/syncfromfile/handle.go:16.17,20.4 3 0
github.com/programmierigel/pwmanager/api/syncfromfile/handle.go:21.3,24.43 3 0
github.com/programmierigel/pwmanager/logger/New.go:10.31,14.19 3 0
github.com/programmierigel/pwmanager/logger/New.go:14.19,16.3 1 0
github.com/programmierigel/pwmanager/logger/New.go:18.2,18.16 1 0
github.com/programmierigel/pwmanager/logger/New.go:18.16,20.3 1 0
github.com/programmierigel/pwmanager/logger/New.go:22.2,24.16 2 0
github.com/programmierigel/pwmanager/logger/New.go:24.16,26.3 1 0
github.com/programmierigel/pwmanager/logger/New.go:27.2,34.3 4 0
github.com/programmierigel/pwmanager/logger/Panic.go:3.34,6.2 2 0
github.com/programmierigel/pwmanager/logger/Print.go:3.34,6.2 2 0
github.com/programmierigel/pwmanager/logger/Printf.go:3.50,6.2 2 0
github.com/programmierigel/pwmanager/logger/Println.go:3.36,6.2 2 0
github.com/programmierigel/pwmanager/enviornment/getPassword.go:9.69,12.20 2 1
github.com/programmierigel/pwmanager/enviornment/getPassword.go:12.20,15.3 2 1
github.com/programmierigel/pwmanager/enviornment/getPassword.go:16.2,17.17 2 1
github.com/programmierigel/pwmanager/enviornment/path.go:9.61,12.16 2 1
github.com/programmierigel/pwmanager/enviornment/path.go:12.16,15.3 2 1
github.com/programmierigel/pwmanager/enviornment/path.go:17.2,18.13 2 1
github.com/programmierigel/pwmanager/enviornment/port.go:11.55,14.24 2 1
github.com/programmierigel/pwmanager/enviornment/port.go:14.24,17.3 2 1
github.com/programmierigel/pwmanager/enviornment/port.go:19.2,20.16 2 1
github.com/programmierigel/pwmanager/enviornment/port.go:20.16,22.3 1 0
github.com/programmierigel/pwmanager/enviornment/port.go:23.2,25.13 3 1
github.com/programmierigel/pwmanager/logger/New.go:10.31,14.19 3 1
github.com/programmierigel/pwmanager/logger/New.go:14.19,16.3 1 1
github.com/programmierigel/pwmanager/logger/New.go:18.2,18.16 1 1
github.com/programmierigel/pwmanager/logger/New.go:18.16,20.3 1 0
github.com/programmierigel/pwmanager/logger/New.go:22.2,24.16 2 1
github.com/programmierigel/pwmanager/logger/New.go:24.16,26.3 1 0
github.com/programmierigel/pwmanager/logger/New.go:27.2,34.3 4 1
github.com/programmierigel/pwmanager/logger/Panic.go:3.34,6.2 2 0
github.com/programmierigel/pwmanager/logger/Print.go:3.34,6.2 2 0
github.com/programmierigel/pwmanager/logger/Printf.go:3.50,6.2 2 1
github.com/programmierigel/pwmanager/logger/Println.go:3.36,6.2 2 0
github.com/programmierigel/pwmanager/tools/debugLog.go:10.71,13.2 2 0
github.com/programmierigel/pwmanager/tools/isElementInMap.go:5.78,6.29 1 0
github.com/programmierigel/pwmanager/tools/isElementInMap.go:6.29,7.22 1 0
github.com/programmierigel/pwmanager/tools/isElementInMap.go:7.22,9.4 1 0
github.com/programmierigel/pwmanager/tools/isElementInMap.go:12.2,12.14 1 0
github.com/programmierigel/pwmanager/tools/isElementInSlice.go:5.61,6.39 1 0
github.com/programmierigel/pwmanager/tools/isElementInSlice.go:6.39,7.32 1 0
github.com/programmierigel/pwmanager/tools/isElementInSlice.go:7.32,9.4 1 0
github.com/programmierigel/pwmanager/tools/isElementInSlice.go:12.2,12.43 1 0
github.com/programmierigel/pwmanager/tools/isIdInMap.go:5.62,6.29 1 0
github.com/programmierigel/pwmanager/tools/isIdInMap.go:6.29,7.22 1 0
github.com/programmierigel/pwmanager/tools/isIdInMap.go:7.22,9.4 1 0
github.com/programmierigel/pwmanager/tools/isIdInMap.go:11.2,11.14 1 0
github.com/programmierigel/pwmanager/tools/removeMapFromMap.go:5.124,7.36 2 0
github.com/programmierigel/pwmanager/tools/removeMapFromMap.go:7.36,8.21 1 0
github.com/programmierigel/pwmanager/tools/removeMapFromMap.go:8.21,9.12 1 0
github.com/programmierigel/pwmanager/tools/removeMapFromMap.go:11.3,11.22 1 0
github.com/programmierigel/pwmanager/tools/removeMapFromMap.go:14.2,14.15 1 0
github.com/programmierigel/pwmanager/tools/removePasswordFromMap.go:5.111,7.36 2 0
github.com/programmierigel/pwmanager/tools/removePasswordFromMap.go:7.36,8.21 1 0
github.com/programmierigel/pwmanager/tools/removePasswordFromMap.go:8.21,9.12 1 0
github.com/programmierigel/pwmanager/tools/removePasswordFromMap.go:11.3,11.22 1 0
github.com/programmierigel/pwmanager/tools/removePasswordFromMap.go:14.2,14.15 1 0
github.com/programmierigel/pwmanager/tools/removeStringFromMap.go:5.105,7.36 2 0
github.com/programmierigel/pwmanager/tools/removeStringFromMap.go:7.36,8.21 1 0
github.com/programmierigel/pwmanager/tools/removeStringFromMap.go:8.21,9.12 1 0
github.com/programmierigel/pwmanager/tools/removeStringFromMap.go:11.3,11.22 1 0
github.com/programmierigel/pwmanager/tools/removeStringFromMap.go:14.2,14.15 1 0
github.com/programmierigel/pwmanager/tools/removeTokenFromMap.go:5.94,7.30 2 0
github.com/programmierigel/pwmanager/tools/removeTokenFromMap.go:7.30,8.19 1 0
github.com/programmierigel/pwmanager/tools/removeTokenFromMap.go:8.19,9.12 1 0
github.com/programmierigel/pwmanager/tools/removeTokenFromMap.go:11.3,11.22 1 0
github.com/programmierigel/pwmanager/tools/removeTokenFromMap.go:14.2,14.15 1 0
github.com/programmierigel/pwmanager/tools/warningLog.go:10.89,14.2 3 0
github.com/programmierigel/pwmanager/cryptography/decryptAES.go:13.64,19.16 3 1
github.com/programmierigel/pwmanager/cryptography/decryptAES.go:19.16,21.3 1 0
github.com/programmierigel/pwmanager/cryptography/decryptAES.go:24.2,25.16 2 1
github.com/programmierigel/pwmanager/cryptography/decryptAES.go:25.16,27.3 1 0
github.com/programmierigel/pwmanager/cryptography/decryptAES.go:30.2,31.16 2 1
github.com/programmierigel/pwmanager/cryptography/decryptAES.go:31.16,33.3 1 0
github.com/programmierigel/pwmanager/cryptography/decryptAES.go:36.2,36.39 1 1
github.com/programmierigel/pwmanager/cryptography/decryptAES.go:36.39,38.3 1 0
github.com/programmierigel/pwmanager/cryptography/decryptAES.go:41.2,46.16 4 1
github.com/programmierigel/pwmanager/cryptography/decryptAES.go:46.16,48.3 1 0
github.com/programmierigel/pwmanager/cryptography/decryptAES.go:50.2,50.31 1 1
github.com/programmierigel/pwmanager/cryptography/encryptAES.go:16.81,22.16 3 1
github.com/programmierigel/pwmanager/cryptography/encryptAES.go:22.16,25.3 2 0
github.com/programmierigel/pwmanager/cryptography/encryptAES.go:28.2,29.16 2 1
github.com/programmierigel/pwmanager/cryptography/encryptAES.go:29.16,32.3 2 0
github.com/programmierigel/pwmanager/cryptography/encryptAES.go:35.2,36.59 2 1
github.com/programmierigel/pwmanager/cryptography/encryptAES.go:36.59,39.3 2 0
github.com/programmierigel/pwmanager/cryptography/encryptAES.go:42.2,45.59 2 1
github.com/programmierigel/pwmanager/cryptography/encryptSHA256.go:8.41,12.2 3 1
github.com/programmierigel/pwmanager/cryptography/generateSalt.go:15.70,22.16 3 1
github.com/programmierigel/pwmanager/cryptography/generateSalt.go:22.16,25.3 2 0
github.com/programmierigel/pwmanager/cryptography/generateSalt.go:29.2,29.63 1 1
github.com/programmierigel/pwmanager/logger/New.go:10.31,14.19 3 1
github.com/programmierigel/pwmanager/logger/New.go:14.19,16.3 1 1
github.com/programmierigel/pwmanager/logger/New.go:18.2,18.16 1 1
github.com/programmierigel/pwmanager/logger/New.go:18.16,20.3 1 0
github.com/programmierigel/pwmanager/logger/New.go:22.2,24.16 2 1
github.com/programmierigel/pwmanager/logger/New.go:24.16,26.3 1 0
github.com/programmierigel/pwmanager/logger/New.go:27.2,34.3 4 1
github.com/programmierigel/pwmanager/logger/Panic.go:3.34,6.2 2 0
github.com/programmierigel/pwmanager/logger/Print.go:3.34,6.2 2 0
github.com/programmierigel/pwmanager/logger/Printf.go:3.50,6.2 2 1
github.com/programmierigel/pwmanager/logger/Println.go:3.36,6.2 2 0
github.com/programmierigel/pwmanager/storage/inmemory/store.go:29.70,44.2 4 1
github.com/programmierigel/pwmanager/storage/inmemory/store.go:46.38,47.20 1 1
github.com/programmierigel/pwmanager/storage/inmemory/store.go:47.20,50.3 2 0
github.com/programmierigel/pwmanager/storage/inmemory/store.go:52.2,54.16 2 1
github.com/programmierigel/pwmanager/storage/inmemory/store.go:54.16,57.3 2 1
github.com/programmierigel/pwmanager/storage/inmemory/store.go:59.2,66.16 5 0
github.com/programmierigel/pwmanager/storage/inmemory/store.go:66.16,69.3 2 0
github.com/programmierigel/pwmanager/storage/inmemory/store.go:70.2,73.12 4 0
github.com/programmierigel/pwmanager/storage/inmemory/store.go:76.36,77.20 1 1
github.com/programmierigel/pwmanager/storage/inmemory/store.go:77.20,80.3 2 0
github.com/programmierigel/pwmanager/storage/inmemory/store.go:82.2,88.16 3 1
github.com/programmierigel/pwmanager/storage/inmemory/store.go:88.16,91.3 2 0
github.com/programmierigel/pwmanager/storage/inmemory/store.go:93.2,94.16 2 1
github.com/programmierigel/pwmanager/storage/inmemory/store.go:94.16,97.3 2 0
github.com/programmierigel/pwmanager/storage/inmemory/store.go:98.2,99.12 2 1
github.com/programmierigel/pwmanager/storage/inmemory/store.go:103.70,105.16 2 1
github.com/programmierigel/pwmanager/storage/inmemory/store.go:105.16,107.3 1 0
github.com/programmierigel/pwmanager/storage/inmemory/store.go:108.2,109.55 2 1
github.com/programmierigel/pwmanager/storage/inmemory/store.go:109.55,112.3 2 1
github.com/programmierigel/pwmanager/storage/inmemory/store.go:113.2,121.12 5 1
github.com/programmierigel/pwmanager/storage/inmemory/store.go:124.67,125.26 1 1
github.com/programmierigel/pwmanager/storage/inmemory/store.go:125.26,128.3 2 1
github.com/programmierigel/pwmanager/storage/inmemory/store.go:129.2,129.43 1 1
github.com/programmierigel/pwmanager/storage/inmemory/store.go:129.43,132.3 2 1
github.com/programmierigel/pwmanager/storage/inmemory/store.go:133.2,137.12 5 1
github.com/programmierigel/pwmanager/storage/inmemory/store.go:140.124,141.26 1 1
github.com/programmierigel/pwmanager/storage/inmemory/store.go:141.26,144.3 2 1
github.com/programmierigel/pwmanager/storage/inmemory/store.go:145.2,147.75 2 1
github.com/programmierigel/pwmanager/storage/inmemory/store.go:147.75,150.3 2 1
github.com/programmierigel/pwmanager/storage/inmemory/store.go:151.2,152.16 2 1
github.com/programmierigel/pwmanager/storage/inmemory/store.go:152.16,155.3 2 0
github.com/programmierigel/pwmanager/storage/inmemory/store.go:157.2,157.46 1 1
github.com/programmierigel/pwmanager/storage/inmemory/store.go:157.46,159.3 1 1
github.com/programmierigel/pwmanager/storage/inmemory/store.go:161.2,170.12 5 1
github.com/programmierigel/pwmanager/storage/inmemory/store.go:173.73,174.26 1 1
github.com/programmierigel/pwmanager/storage/inmemory/store.go:174.26,177.3 2 1
github.com/programmierigel/pwmanager/storage/inmemory/store.go:178.2,180.76 2 1
github.com/programmierigel/pwmanager/storage/inmemory/store.go:180.76,183.3 2 1
github.com/programmierigel/pwmanager/storage/inmemory/store.go:185.2,188.12 4 1
github.com/programmierigel/pwmanager/storage/inmemory/store.go:191.80,192.26 1 1
github.com/programmierigel/pwmanager/storage/inmemory/store.go:192.26,195.3 2 1
github.com/programmierigel/pwmanager/storage/inmemory/store.go:196.2,197.76 2 1
github.com/programmierigel/pwmanager/storage/inmemory/store.go:197.76,200.3 2 1
github.com/programmierigel/pwmanager/storage/inmemory/store.go:201.2,204.16 3 1
github.com/programmierigel/pwmanager/storage/inmemory/store.go:204.16,207.3 2 0
github.com/programmierigel/pwmanager/storage/inmemory/store.go:208.2,208.22 1 1
github.com/programmierigel/pwmanager/storage/inmemory/store.go:211.75,212.26 1 1
github.com/programmierigel/pwmanager/storage/inmemory/store.go:212.26,215.3 2 1
github.com/programmierigel/pwmanager/storage/inmemory/store.go:216.2,218.76 2 1
github.com/programmierigel/pwmanager/storage/inmemory/store.go:218.76,221.3 2 1
github.com/programmierigel/pwmanager/storage/inmemory/store.go:222.2,225.17 3 1
github.com/programmierigel/pwmanager/storage/inmemory/store.go:228.80,229.26 1 1
github.com/programmierigel/pwmanager/storage/inmemory/store.go:229.26,232.3 2 1
github.com/programmierigel/pwmanager/storage/inmemory/store.go:233.2,235.76 2 1
github.com/programmierigel/pwmanager/storage/inmemory/store.go:235.76,238.3 2 1
github.com/programmierigel/pwmanager/storage/inmemory/store.go:239.2,242.22 3 1
github.com/programmierigel/pwmanager/storage/inmemory/store.go:245.78,246.26 1 1
github.com/programmierigel/pwmanager/storage/inmemory/store.go:246.26,249.3 2 1
github.com/programmierigel/pwmanager/storage/inmemory/store.go:251.2,253.54 3 1
github.com/programmierigel/pwmanager/storage/inmemory/store.go:253.54,255.3 1 1
github.com/programmierigel/pwmanager/storage/inmemory/store.go:256.2,257.30 2 1
github.com/programmierigel/pwmanager/storage/inmemory/store.go:261.60,262.28 1 1
github.com/programmierigel/pwmanager/storage/inmemory/store.go:262.28,264.3 1 1
github.com/programmierigel/pwmanager/storage/inmemory/store.go:265.2,267.28 3 1
github.com/programmierigel/pwmanager/storage/inmemory/store.go:270.59,271.28 1 1
github.com/programmierigel/pwmanager/storage/inmemory/store.go:271.28,273.3 1 1
github.com/programmierigel/pwmanager/storage/inmemory/store.go:274.2,276.28 3 1
github.com/programmierigel/pwmanager/storage/inmemory/store.go:279.39,281.2 1 1
github.com/programmierigel/pwmanager/storage/inmemory/store.go:283.93,284.26 1 1
github.com/programmierigel/pwmanager/storage/inmemory/store.go:284.26,287.3 2 1
github.com/programmierigel/pwmanager/storage/inmemory/store.go:288.2,290.76 2 1
github.com/programmierigel/pwmanager/storage/inmemory/store.go:290.76,293.3 2 1
github.com/programmierigel/pwmanager/storage/inmemory/store.go:294.2,302.12 4 1
github.com/programmierigel/pwmanager/storage/inmemory/store.go:305.83,306.26 1 1
github.com/programmierigel/pwmanager/storage/inmemory/store.go:306.26,309.3 2 1
github.com/programmierigel/pwmanager/storage/inmemory/store.go:311.2,312.76 2 1
github.com/programmierigel/pwmanager/storage/inmemory/store.go:312.76,315.3 2 1
github.com/programmierigel/pwmanager/storage/inmemory/store.go:316.2,323.12 4 1
github.com/programmierigel/pwmanager/storage/inmemory/store.go:326.91,327.26 1 1
github.com/programmierigel/pwmanager/storage/inmemory/store.go:327.26,330.3 2 1
github.com/programmierigel/pwmanager/storage/inmemory/store.go:331.2,333.76 2 1
github.com/programmierigel/pwmanager/storage/inmemory/store.go:333.76,336.3 2 1
github.com/programmierigel/pwmanager/storage/inmemory/store.go:337.2,340.16 3 1
github.com/programmierigel/pwmanager/storage/inmemory/store.go:340.16,343.3 2 0
github.com/programmierigel/pwmanager/storage/inmemory/store.go:345.2,351.12 3 1
github.com/programmierigel/pwmanager/storage/inmemory/store.go:354.101,355.26 1 0
github.com/programmierigel/pwmanager/storage/inmemory/store.go:355.26,358.3 2 0
github.com/programmierigel/pwmanager/storage/inmemory/store.go:359.2,361.78 2 0
github.com/programmierigel/pwmanager/storage/inmemory/store.go:361.78,364.3 2 0
github.com/programmierigel/pwmanager/storage/inmemory/store.go:366.2,366.76 1 0
github.com/programmierigel/pwmanager/storage/inmemory/store.go:366.76,369.3 2 0
github.com/programmierigel/pwmanager/storage/inmemory/store.go:370.2,376.12 4 0
github.com/programmierigel/pwmanager/storage/inmemory/store.go:379.110,383.16 3 1
github.com/programmierigel/pwmanager/storage/inmemory/store.go:383.16,386.3 2 1
github.com/programmierigel/pwmanager/storage/inmemory/store.go:387.2,388.37 2 1
github.com/programmierigel/pwmanager/storage/inmemory/store.go:388.37,390.3 1 0
github.com/programmierigel/pwmanager/storage/inmemory/store.go:392.2,398.19 3 1
github.com/programmierigel/pwmanager/storage/inmemory/store.go:402.47,404.38 2 1
github.com/programmierigel/pwmanager/storage/inmemory/store.go:404.38,407.3 2 1
github.com/programmierigel/pwmanager/storage/inmemory/store.go:408.2,409.86 2 1
github.com/programmierigel/pwmanager/storage/inmemory/store.go:409.86,413.3 3 0
github.com/programmierigel/pwmanager/storage/inmemory/store.go:414.2,414.13 1 1
github.com/programmierigel/pwmanager/storage/inmemory/store.go:417.44,418.26 1 1
github.com/programmierigel/pwmanager/storage/inmemory/store.go:418.26,420.3 1 1
github.com/programmierigel/pwmanager/storage/inmemory/store.go:422.2,423.52 2 1
github.com/programmierigel/pwmanager/storage/inmemory/store.go:426.92,429.44 3 1
github.com/programmierigel/pwmanager/storage/inmemory/store.go:429.44,431.3 1 1
github.com/programmierigel/pwmanager/storage/inmemory/store.go:432.2,435.9 3 1
github.com/programmierigel/pwmanager/storage/inmemory/store.go:436.21,437.83 1 0
github.com/programmierigel/pwmanager/storage/inmemory/store.go:437.83,440.4 2 0
github.com/programmierigel/pwmanager/storage/inmemory/store.go:441.21,442.79 1 0
github.com/programmierigel/pwmanager/storage/inmemory/store.go:442.79,445.4 2 0
github.com/programmierigel/pwmanager/storage/inmemory/store.go:446.21,447.82 1 0
github.com/programmierigel/pwmanager/storage/inmemory/store.go:447.82,450.4 2 0
github.com/programmierigel/pwmanager/storage/inmemory/store.go:454.2,455.94 2 1
github.com/programmierigel/pwmanager/storage/inmemory/store.go:455.94,462.3 2 1
github.com/programmierigel/pwmanager/storage/inmemory/store.go:464.2,465.70 2 1
github.com/programmierigel/pwmanager/storage/inmemory/store.go:465.70,466.31 1 0
github.com/programmierigel/pwmanager/storage/inmemory/store.go:466.31,467.12 1 0
github.com/programmierigel/pwmanager/storage/inmemory/store.go:469.3,469.45 1 0
github.com/programmierigel/pwmanager/storage/inmemory/store.go:472.2,473.12 2 1
github.com/programmierigel/pwmanager/storage/inmemory/store.go:476.57,477.28 1 1
github.com/programmierigel/pwmanager/storage/inmemory/store.go:477.28,480.3 2 1
github.com/programmierigel/pwmanager/storage/inmemory/store.go:482.2,485.12 4 1
github.com/programmierigel/pwmanager/storage/inmemory/store.go:488.63,489.26 1 1
github.com/programmierigel/pwmanager/storage/inmemory/store.go:489.26,492.3 2 1
github.com/programmierigel/pwmanager/storage/inmemory/store.go:494.2,496.49 3 1
github.com/programmierigel/pwmanager/storage/inmemory/store.go:496.49,497.44 1 1
github.com/programmierigel/pwmanager/storage/inmemory/store.go:497.44,498.12 1 1
github.com/programmierigel/pwmanager/storage/inmemory/store.go:500.3,500.46 1 1
github.com/programmierigel/pwmanager/storage/inmemory/store.go:502.2,504.12 3 1
github.com/programmierigel/pwmanager/storage/inmemory/store.go:507.64,508.26 1 0
github.com/programmierigel/pwmanager/storage/inmemory/store.go:508.26,511.3 2 0
github.com/programmierigel/pwmanager/storage/inmemory/store.go:512.2,514.28 3 0
github.com/programmierigel/pwmanager/storage/inmemory/store.go:514.28,515.46 1 0
github.com/programmierigel/pwmanager/storage/inmemory/store.go:515.46,516.23 1 0
github.com/programmierigel/pwmanager/storage/inmemory/store.go:516.23,518.5 1 0
github.com/programmierigel/pwmanager/storage/inmemory/store.go:520.3,520.11 1 0
github.com/programmierigel/pwmanager/storage/inmemory/store.go:522.2,523.38 2 0
github.com/programmierigel/pwmanager/tools/debugLog.go:10.71,13.2 2 0
github.com/programmierigel/pwmanager/tools/isElementInMap.go:5.78,6.29 1 1
github.com/programmierigel/pwmanager/tools/isElementInMap.go:6.29,7.22 1 1
github.com/programmierigel/pwmanager/tools/isElementInMap.go:7.22,9.4 1 1
github.com/programmierigel/pwmanager/tools/isElementInMap.go:12.2,12.14 1 1
github.com/programmierigel/pwmanager/tools/isElementInSlice.go:5.61,6.39 1 0
github.com/programmierigel/pwmanager/tools/isElementInSlice.go:6.39,7.32 1 0
github.com/programmierigel/pwmanager/tools/isElementInSlice.go:7.32,9.4 1 0
github.com/programmierigel/pwmanager/tools/isElementInSlice.go:12.2,12.43 1 0
github.com/programmierigel/pwmanager/tools/isIdInMap.go:5.62,6.29 1 1
github.com/programmierigel/pwmanager/tools/isIdInMap.go:6.29,7.22 1 1
github.com/programmierigel/pwmanager/tools/isIdInMap.go:7.22,9.4 1 1
github.com/programmierigel/pwmanager/tools/isIdInMap.go:11.2,11.14 1 1
github.com/programmierigel/pwmanager/tools/removeMapFromMap.go:5.124,7.36 2 1
github.com/programmierigel/pwmanager/tools/removeMapFromMap.go:7.36,8.21 1 0
github.com/programmierigel/pwmanager/tools/removeMapFromMap.go:8.21,9.12 1 0
github.com/programmierigel/pwmanager/tools/removeMapFromMap.go:11.3,11.22 1 0
github.com/programmierigel/pwmanager/tools/removeMapFromMap.go:14.2,14.15 1 1
github.com/programmierigel/pwmanager/tools/removePasswordFromMap.go:5.111,7.36 2 1
github.com/programmierigel/pwmanager/tools/removePasswordFromMap.go:7.36,8.21 1 1
github.com/programmierigel/pwmanager/tools/removePasswordFromMap.go:8.21,9.12 1 1
github.com/programmierigel/pwmanager/tools/removePasswordFromMap.go:11.3,11.22 1 0
github.com/programmierigel/pwmanager/tools/removePasswordFromMap.go:14.2,14.15 1 1
github.com/programmierigel/pwmanager/tools/removeStringFromMap.go:5.105,7.36 2 1
github.com/programmierigel/pwmanager/tools/removeStringFromMap.go:7.36,8.21 1 1
github.com/programmierigel/pwmanager/tools/removeStringFromMap.go:8.21,9.12 1 1
github.com/programmierigel/pwmanager/tools/removeStringFromMap.go:11.3,11.22 1 0
github.com/programmierigel/pwmanager/tools/removeStringFromMap.go:14.2,14.15 1 1
github.com/programmierigel/pwmanager/tools/removeTokenFromMap.go:5.94,7.30 2 1
github.com/programmierigel/pwmanager/tools/removeTokenFromMap.go:7.30,8.19 1 1
github.com/programmierigel/pwmanager/tools/removeTokenFromMap.go:8.19,9.12 1 1
github.com/programmierigel/pwmanager/tools/removeTokenFromMap.go:11.3,11.22 1 0
github.com/programmierigel/pwmanager/tools/removeTokenFromMap.go:14.2,14.15 1 1
github.com/programmierigel/pwmanager/tools/warningLog.go:10.89,14.2 3 0
